android/app/build/intermediates/manifest_merge_blame_file/debug/manifest-merger-blame-debug-report.txt
1<?xml version="1.0" encoding="utf-8"?>
2<manifest xmlns:android="http://schemas.android.com/apk/res/android"
3    package="com.app.nammasavari.android"
4    android:versionCode="6"
5    android:versionName="1.0.0" >
6
7    <uses-sdk
8        android:minSdkVersion="23"
9        android:targetSdkVersion="34" />
10    <!--
11         The INTERNET permission is required for development. Specifically,
12         the Flutter tool needs it to communicate with the running application
13         to allow setting breakpoints, to provide hot reload, etc.
14    -->
15    <uses-permission android:name="android.permission.INTERNET" />
15-->src\main\AndroidManifest.xml:50:5-67
15-->src\main\AndroidManifest.xml:50:22-64
16    <uses-permission android:name="android.permission.RECEIVE_SMS" />
16-->src\debug\AndroidManifest.xml:7:5-69
16-->src\debug\AndroidManifest.xml:7:22-67
17    <uses-permission android:name="android.permission.READ_SMS" />
17-->src\debug\AndroidManifest.xml:8:5-66
17-->src\debug\AndroidManifest.xml:8:22-64
18    <uses-permission android:name="android.permission.INTERNET" />
18-->src\main\AndroidManifest.xml:50:5-67
18-->src\main\AndroidManifest.xml:50:22-64
19    <uses-permission android:name="android.permission.WAKE_LOCK" />
19-->src\main\AndroidManifest.xml:51:5-68
19-->src\main\AndroidManifest.xml:51:22-65
20    <uses-permission android:name="android.permission.RECEIVE_BOOT_COMPLETED" />
20-->src\main\AndroidManifest.xml:52:5-80
20-->src\main\AndroidManifest.xml:52:22-78
21    <uses-permission android:name="android.permission.VIBRATE" />
21-->src\main\AndroidManifest.xml:53:5-66
21-->src\main\AndroidManifest.xml:53:22-63
22    <!--
23     Required to query activities that can process text, see:
24         https://developer.android.com/training/package-visibility and
25         https://developer.android.com/reference/android/content/Intent#ACTION_PROCESS_TEXT.
26
27         In particular, this is used by the Flutter engine in io.flutter.plugin.text.ProcessTextPlugin.
28    -->
29    <queries>
29-->src\main\AndroidManifest.xml:92:5-97:15
30        <intent>
30-->src\main\AndroidManifest.xml:93:9-96:18
31            <action android:name="android.intent.action.PROCESS_TEXT" />
31-->src\main\AndroidManifest.xml:94:13-72
31-->src\main\AndroidManifest.xml:94:21-70
32
33            <data android:mimeType="text/plain" />
33-->src\main\AndroidManifest.xml:95:13-50
33-->src\main\AndroidManifest.xml:95:19-48
34        </intent>
35        <intent>
35-->[:file_picker] AndroidManifest.xml:14:9-18:18
36            <action android:name="android.intent.action.GET_CONTENT" />
36-->[:file_picker] AndroidManifest.xml:15:13-72
36-->[:file_picker] AndroidManifest.xml:15:21-69
37
38            <data android:mimeType="*/*" />
38-->src\main\AndroidManifest.xml:95:13-50
38-->src\main\AndroidManifest.xml:95:19-48
39        </intent>
40        <intent>
40-->[:flutter_inappwebview_android] AndroidManifest.xml:10:9-12:18
41            <action android:name="android.support.customtabs.action.CustomTabsService" />
41-->[:flutter_inappwebview_android] AndroidManifest.xml:11:13-90
41-->[:flutter_inappwebview_android] AndroidManifest.xml:11:21-87
42        </intent>
43
44        <package android:name="com.facebook.katana" />
44-->[com.facebook.android:facebook-common:17.0.1] AndroidManifest.xml:18:9-55
44-->[com.facebook.android:facebook-common:17.0.1] AndroidManifest.xml:18:18-52
45
46        <intent>
46-->[com.razorpay:standard-core:1.6.46] AndroidManifest.xml:11:9-17:18
47            <action android:name="android.intent.action.VIEW" />
47-->[com.google.firebase:firebase-auth:23.0.0] AndroidManifest.xml:36:17-69
47-->[com.google.firebase:firebase-auth:23.0.0] AndroidManifest.xml:36:25-66
48
49            <data
49-->src\main\AndroidManifest.xml:95:13-50
50                android:mimeType="*/*"
50-->src\main\AndroidManifest.xml:95:19-48
51                android:scheme="*" />
52        </intent>
53        <intent>
53-->[com.razorpay:standard-core:1.6.46] AndroidManifest.xml:18:9-27:18
54            <action android:name="android.intent.action.VIEW" />
54-->[com.google.firebase:firebase-auth:23.0.0] AndroidManifest.xml:36:17-69
54-->[com.google.firebase:firebase-auth:23.0.0] AndroidManifest.xml:36:25-66
55
56            <category android:name="android.intent.category.BROWSABLE" />
56-->[com.google.firebase:firebase-auth:23.0.0] AndroidManifest.xml:39:17-78
56-->[com.google.firebase:firebase-auth:23.0.0] AndroidManifest.xml:39:27-75
57
58            <data
58-->src\main\AndroidManifest.xml:95:13-50
59                android:host="pay"
60                android:mimeType="*/*"
60-->src\main\AndroidManifest.xml:95:19-48
61                android:scheme="upi" />
62        </intent>
63        <intent>
63-->[com.razorpay:standard-core:1.6.46] AndroidManifest.xml:28:9-30:18
64            <action android:name="android.intent.action.MAIN" />
64-->[com.razorpay:standard-core:1.6.46] AndroidManifest.xml:29:13-65
64-->[com.razorpay:standard-core:1.6.46] AndroidManifest.xml:29:21-62
65        </intent>
66        <intent>
66-->[com.razorpay:standard-core:1.6.46] AndroidManifest.xml:31:9-35:18
67            <action android:name="android.intent.action.SEND" />
67-->[com.razorpay:standard-core:1.6.46] AndroidManifest.xml:32:13-65
67-->[com.razorpay:standard-core:1.6.46] AndroidManifest.xml:32:21-62
68
69            <data android:mimeType="*/*" />
69-->src\main\AndroidManifest.xml:95:13-50
69-->src\main\AndroidManifest.xml:95:19-48
70        </intent>
71        <intent>
71-->[com.razorpay:standard-core:1.6.46] AndroidManifest.xml:36:9-38:18
72            <action android:name="rzp.device_token.share" />
72-->[com.razorpay:standard-core:1.6.46] AndroidManifest.xml:37:13-61
72-->[com.razorpay:standard-core:1.6.46] AndroidManifest.xml:37:21-58
73        </intent> <!-- Needs to be explicitly declared on Android R+ -->
74        <package android:name="com.google.android.apps.maps" />
74-->[com.google.android.gms:play-services-maps:18.2.0] AndroidManifest.xml:33:9-64
74-->[com.google.android.gms:play-services-maps:18.2.0] AndroidManifest.xml:33:18-61
75    </queries>
76
77    <uses-permission android:name="android.permission.ACCESS_NETWORK_STATE" /> <!-- Permissions options for the `notification` group -->
77-->[:firebase_messaging] AndroidManifest.xml:11:5-79
77-->[:firebase_messaging] AndroidManifest.xml:11:22-76
78    <uses-permission android:name="android.permission.POST_NOTIFICATIONS" /> <!-- Required by older versions of Google Play services to create IID tokens -->
78-->[:firebase_messaging] AndroidManifest.xml:13:5-77
78-->[:firebase_messaging] AndroidManifest.xml:13:22-74
79    <uses-permission android:name="com.google.android.c2dm.permission.RECEIVE" />
79-->[com.google.firebase:firebase-messaging:24.0.2] AndroidManifest.xml:26:5-82
79-->[com.google.firebase:firebase-messaging:24.0.2] AndroidManifest.xml:26:22-79
80    <uses-permission
80-->[:file_picker] AndroidManifest.xml:9:5-11:38
81        android:name="android.permission.READ_EXTERNAL_STORAGE"
81-->[:file_picker] AndroidManifest.xml:10:9-64
82        android:maxSdkVersion="32" />
82-->[:file_picker] AndroidManifest.xml:11:9-35
83
84    <uses-feature
84-->[com.google.android.gms:play-services-maps:18.2.0] AndroidManifest.xml:26:5-28:35
85        android:glEsVersion="0x00020000"
85-->[com.google.android.gms:play-services-maps:18.2.0] AndroidManifest.xml:27:9-41
86        android:required="true" />
86-->[com.google.android.gms:play-services-maps:18.2.0] AndroidManifest.xml:28:9-32
87
88    <uses-permission android:name="com.google.android.providers.gsf.permission.READ_GSERVICES" />
88-->[com.google.android.recaptcha:recaptcha:18.4.0] AndroidManifest.xml:9:5-98
88-->[com.google.android.recaptcha:recaptcha:18.4.0] AndroidManifest.xml:9:22-95
89    <uses-permission android:name="com.google.android.gms.permission.AD_ID" />
89-->[com.facebook.android:facebook-core:17.0.1] AndroidManifest.xml:16:5-79
89-->[com.facebook.android:facebook-core:17.0.1] AndroidManifest.xml:16:22-76
90
91    <permission
91-->[androidx.core:core:1.13.1] AndroidManifest.xml:22:5-24:47
92        android:name="com.app.nammasavari.android.DYNAMIC_RECEIVER_NOT_EXPORTED_PERMISSION"
92-->[androidx.core:core:1.13.1] AndroidManifest.xml:23:9-81
93        android:protectionLevel="signature" />
93-->[androidx.core:core:1.13.1] AndroidManifest.xml:24:9-44
94
95    <uses-permission android:name="com.app.nammasavari.android.DYNAMIC_RECEIVER_NOT_EXPORTED_PERMISSION" />
95-->[androidx.core:core:1.13.1] AndroidManifest.xml:26:5-97
95-->[androidx.core:core:1.13.1] AndroidManifest.xml:26:22-94
96    <uses-permission android:name="com.google.android.finsky.permission.BIND_GET_INSTALL_REFERRER_SERVICE" />
96-->[com.android.installreferrer:installreferrer:1.0] AndroidManifest.xml:9:5-110
96-->[com.android.installreferrer:installreferrer:1.0] AndroidManifest.xml:9:22-107
97
98    <application
99        android:name="android.app.Application"
100        android:appComponentFactory="androidx.core.app.CoreComponentFactory"
100-->[androidx.core:core:1.13.1] AndroidManifest.xml:28:18-86
101        android:debuggable="true"
102        android:enableOnBackInvokedCallback="true"
103        android:extractNativeLibs="false"
104        android:icon="@mipmap/ic_launcher"
105        android:label="Namma Savaari"
106        android:supportsRtl="true" >
106-->[com.facebook.android:facebook-login:17.0.1] AndroidManifest.xml:16:18-44
107        <activity
108            android:name="com.example.bus_booking_app.MainActivity"
109            android:configChanges="orientation|keyboardHidden|keyboard|screenSize|smallestScreenSize|locale|layoutDirection|fontScale|screenLayout|density|uiMode"
110            android:exported="true"
111            android:hardwareAccelerated="true"
112            android:launchMode="singleTop"
113            android:taskAffinity=""
114            android:theme="@style/LaunchTheme"
115            android:windowSoftInputMode="adjustResize" >
116
117            <!--
118                 Specifies an Android theme to apply to this Activity as soon as
119                 the Android process has started. This theme is visible to the user
120                 while the Flutter UI initializes. After that, this theme continues
121                 to determine the Window background behind the Flutter UI.
122            -->
123            <meta-data
124                android:name="io.flutter.embedding.android.NormalTheme"
125                android:resource="@style/NormalTheme" />
126
127            <intent-filter>
128                <action android:name="android.intent.action.MAIN" />
128-->[com.razorpay:standard-core:1.6.46] AndroidManifest.xml:29:13-65
128-->[com.razorpay:standard-core:1.6.46] AndroidManifest.xml:29:21-62
129
130                <category android:name="android.intent.category.LAUNCHER" />
131            </intent-filter>
132        </activity>
133        <!--
134             Don't delete the meta-data below.
135             This is used by the Flutter tool to generate GeneratedPluginRegistrant.java
136        -->
137        <meta-data
138            android:name="flutterEmbedding"
139            android:value="2" />
140
141        <service
141-->[:cloud_firestore] AndroidManifest.xml:10:9-14:19
142            android:name="com.google.firebase.components.ComponentDiscoveryService"
142-->[:cloud_firestore] AndroidManifest.xml:10:18-89
143            android:directBootAware="true"
143-->[com.google.firebase:firebase-common:21.0.0] AndroidManifest.xml:32:13-43
144            android:exported="false" >
144-->[com.google.firebase:firebase-firestore:25.1.0] AndroidManifest.xml:16:13-37
145            <meta-data
145-->[:cloud_firestore] AndroidManifest.xml:11:13-13:85
146                android:name="com.google.firebase.components:io.flutter.plugins.firebase.firestore.FlutterFirebaseFirestoreRegistrar"
146-->[:cloud_firestore] AndroidManifest.xml:12:17-134
147                android:value="com.google.firebase.components.ComponentRegistrar" />
147-->[:cloud_firestore] AndroidManifest.xml:13:17-82
148            <meta-data
148-->[:firebase_auth] AndroidManifest.xml:11:13-13:85
149                android:name="com.google.firebase.components:io.flutter.plugins.firebase.auth.FlutterFirebaseAuthRegistrar"
149-->[:firebase_auth] AndroidManifest.xml:12:17-124
150                android:value="com.google.firebase.components.ComponentRegistrar" />
150-->[:firebase_auth] AndroidManifest.xml:13:17-82
151            <meta-data
151-->[:firebase_messaging] AndroidManifest.xml:38:13-40:85
152                android:name="com.google.firebase.components:io.flutter.plugins.firebase.messaging.FlutterFirebaseAppRegistrar"
152-->[:firebase_messaging] AndroidManifest.xml:39:17-128
153                android:value="com.google.firebase.components.ComponentRegistrar" />
153-->[:firebase_messaging] AndroidManifest.xml:40:17-82
154            <meta-data
154-->[:firebase_storage] AndroidManifest.xml:11:13-13:85
155                android:name="com.google.firebase.components:io.flutter.plugins.firebase.storage.FlutterFirebaseAppRegistrar"
155-->[:firebase_storage] AndroidManifest.xml:12:17-126
156                android:value="com.google.firebase.components.ComponentRegistrar" />
156-->[:firebase_storage] AndroidManifest.xml:13:17-82
157            <meta-data
157-->[:firebase_core] AndroidManifest.xml:11:13-13:85
158                android:name="com.google.firebase.components:io.flutter.plugins.firebase.core.FlutterFirebaseCoreRegistrar"
158-->[:firebase_core] AndroidManifest.xml:12:17-124
159                android:value="com.google.firebase.components.ComponentRegistrar" />
159-->[:firebase_core] AndroidManifest.xml:13:17-82
160            <meta-data
160-->[com.google.firebase:firebase-firestore:25.1.0] AndroidManifest.xml:17:13-19:85
161                android:name="com.google.firebase.components:com.google.firebase.firestore.FirebaseFirestoreKtxRegistrar"
161-->[com.google.firebase:firebase-firestore:25.1.0] AndroidManifest.xml:18:17-122
162                android:value="com.google.firebase.components.ComponentRegistrar" />
162-->[com.google.firebase:firebase-firestore:25.1.0] AndroidManifest.xml:19:17-82
163            <meta-data
163-->[com.google.firebase:firebase-firestore:25.1.0] AndroidManifest.xml:20:13-22:85
164                android:name="com.google.firebase.components:com.google.firebase.firestore.FirestoreRegistrar"
164-->[com.google.firebase:firebase-firestore:25.1.0] AndroidManifest.xml:21:17-111
165                android:value="com.google.firebase.components.ComponentRegistrar" />
165-->[com.google.firebase:firebase-firestore:25.1.0] AndroidManifest.xml:22:17-82
166            <meta-data
166-->[com.google.firebase:firebase-auth:23.0.0] AndroidManifest.xml:69:13-71:85
167                android:name="com.google.firebase.components:com.google.firebase.auth.FirebaseAuthRegistrar"
167-->[com.google.firebase:firebase-auth:23.0.0] AndroidManifest.xml:70:17-109
168                android:value="com.google.firebase.components.ComponentRegistrar" />
168-->[com.google.firebase:firebase-auth:23.0.0] AndroidManifest.xml:71:17-82
169            <meta-data
169-->[com.google.firebase:firebase-storage:21.0.1] AndroidManifest.xml:30:13-32:85
170                android:name="com.google.firebase.components:com.google.firebase.storage.FirebaseStorageKtxRegistrar"
170-->[com.google.firebase:firebase-storage:21.0.1] AndroidManifest.xml:31:17-118
171                android:value="com.google.firebase.components.ComponentRegistrar" />
171-->[com.google.firebase:firebase-storage:21.0.1] AndroidManifest.xml:32:17-82
172            <meta-data
172-->[com.google.firebase:firebase-storage:21.0.1] AndroidManifest.xml:33:13-35:85
173                android:name="com.google.firebase.components:com.google.firebase.storage.StorageRegistrar"
173-->[com.google.firebase:firebase-storage:21.0.1] AndroidManifest.xml:34:17-107
174                android:value="com.google.firebase.components.ComponentRegistrar" />
174-->[com.google.firebase:firebase-storage:21.0.1] AndroidManifest.xml:35:17-82
175            <meta-data
175-->[com.google.firebase:firebase-messaging:24.0.2] AndroidManifest.xml:57:13-59:85
176                android:name="com.google.firebase.components:com.google.firebase.messaging.FirebaseMessagingKtxRegistrar"
176-->[com.google.firebase:firebase-messaging:24.0.2] AndroidManifest.xml:58:17-122
177                android:value="com.google.firebase.components.ComponentRegistrar" />
177-->[com.google.firebase:firebase-messaging:24.0.2] AndroidManifest.xml:59:17-82
178            <meta-data
178-->[com.google.firebase:firebase-messaging:24.0.2] AndroidManifest.xml:60:13-62:85
179                android:name="com.google.firebase.components:com.google.firebase.messaging.FirebaseMessagingRegistrar"
179-->[com.google.firebase:firebase-messaging:24.0.2] AndroidManifest.xml:61:17-119
180                android:value="com.google.firebase.components.ComponentRegistrar" />
180-->[com.google.firebase:firebase-messaging:24.0.2] AndroidManifest.xml:62:17-82
181            <meta-data
181-->[com.google.firebase:firebase-installations:18.0.0] AndroidManifest.xml:15:13-17:85
182                android:name="com.google.firebase.components:com.google.firebase.installations.FirebaseInstallationsKtxRegistrar"
182-->[com.google.firebase:firebase-installations:18.0.0] AndroidManifest.xml:16:17-130
183                android:value="com.google.firebase.components.ComponentRegistrar" />
183-->[com.google.firebase:firebase-installations:18.0.0] AndroidManifest.xml:17:17-82
184            <meta-data
184-->[com.google.firebase:firebase-installations:18.0.0] AndroidManifest.xml:18:13-20:85
185                android:name="com.google.firebase.components:com.google.firebase.installations.FirebaseInstallationsRegistrar"
185-->[com.google.firebase:firebase-installations:18.0.0] AndroidManifest.xml:19:17-127
186                android:value="com.google.firebase.components.ComponentRegistrar" />
186-->[com.google.firebase:firebase-installations:18.0.0] AndroidManifest.xml:20:17-82
187            <meta-data
187-->[com.google.firebase:firebase-appcheck:18.0.0] AndroidManifest.xml:25:13-27:85
188                android:name="com.google.firebase.components:com.google.firebase.appcheck.FirebaseAppCheckKtxRegistrar"
188-->[com.google.firebase:firebase-appcheck:18.0.0] AndroidManifest.xml:26:17-120
189                android:value="com.google.firebase.components.ComponentRegistrar" />
189-->[com.google.firebase:firebase-appcheck:18.0.0] AndroidManifest.xml:27:17-82
190            <meta-data
190-->[com.google.firebase:firebase-appcheck:18.0.0] AndroidManifest.xml:28:13-30:85
191                android:name="com.google.firebase.components:com.google.firebase.appcheck.FirebaseAppCheckRegistrar"
191-->[com.google.firebase:firebase-appcheck:18.0.0] AndroidManifest.xml:29:17-117
192                android:value="com.google.firebase.components.ComponentRegistrar" />
192-->[com.google.firebase:firebase-appcheck:18.0.0] AndroidManifest.xml:30:17-82
193            <meta-data
193-->[com.google.firebase:firebase-common-ktx:21.0.0] AndroidManifest.xml:12:13-14:85
194                android:name="com.google.firebase.components:com.google.firebase.ktx.FirebaseCommonLegacyRegistrar"
194-->[com.google.firebase:firebase-common-ktx:21.0.0] AndroidManifest.xml:13:17-116
195                android:value="com.google.firebase.components.ComponentRegistrar" />
195-->[com.google.firebase:firebase-common-ktx:21.0.0] AndroidManifest.xml:14:17-82
196            <meta-data
196-->[com.google.firebase:firebase-common:21.0.0] AndroidManifest.xml:35:13-37:85
197                android:name="com.google.firebase.components:com.google.firebase.FirebaseCommonKtxRegistrar"
197-->[com.google.firebase:firebase-common:21.0.0] AndroidManifest.xml:36:17-109
198                android:value="com.google.firebase.components.ComponentRegistrar" />
198-->[com.google.firebase:firebase-common:21.0.0] AndroidManifest.xml:37:17-82
199            <meta-data
199-->[com.google.firebase:firebase-datatransport:18.2.0] AndroidManifest.xml:25:13-27:85
200                android:name="com.google.firebase.components:com.google.firebase.datatransport.TransportRegistrar"
200-->[com.google.firebase:firebase-datatransport:18.2.0] AndroidManifest.xml:26:17-115
201                android:value="com.google.firebase.components.ComponentRegistrar" />
201-->[com.google.firebase:firebase-datatransport:18.2.0] AndroidManifest.xml:27:17-82
202        </service>
203        <service
203-->[:firebase_messaging] AndroidManifest.xml:16:9-19:72
204            android:name="io.flutter.plugins.firebase.messaging.FlutterFirebaseMessagingBackgroundService"
204-->[:firebase_messaging] AndroidManifest.xml:17:13-107
205            android:exported="false"
205-->[:firebase_messaging] AndroidManifest.xml:18:13-37
206            android:permission="android.permission.BIND_JOB_SERVICE" />
206-->[:firebase_messaging] AndroidManifest.xml:19:13-69
207        <service
207-->[:firebase_messaging] AndroidManifest.xml:20:9-26:19
208            android:name="io.flutter.plugins.firebase.messaging.FlutterFirebaseMessagingService"
208-->[:firebase_messaging] AndroidManifest.xml:21:13-97
209            android:exported="false" >
209-->[:firebase_messaging] AndroidManifest.xml:22:13-37
210            <intent-filter>
210-->[:firebase_messaging] AndroidManifest.xml:23:13-25:29
211                <action android:name="com.google.firebase.MESSAGING_EVENT" />
211-->[:firebase_messaging] AndroidManifest.xml:24:17-78
211-->[:firebase_messaging] AndroidManifest.xml:24:25-75
212            </intent-filter>
213        </service>
214
215        <receiver
215-->[:firebase_messaging] AndroidManifest.xml:28:9-35:20
216            android:name="io.flutter.plugins.firebase.messaging.FlutterFirebaseMessagingReceiver"
216-->[:firebase_messaging] AndroidManifest.xml:29:13-98
217            android:exported="true"
217-->[:firebase_messaging] AndroidManifest.xml:30:13-36
218            android:permission="com.google.android.c2dm.permission.SEND" >
218-->[:firebase_messaging] AndroidManifest.xml:31:13-73
219            <intent-filter>
219-->[:firebase_messaging] AndroidManifest.xml:32:13-34:29
220                <action android:name="com.google.android.c2dm.intent.RECEIVE" />
220-->[:firebase_messaging] AndroidManifest.xml:33:17-81
220-->[:firebase_messaging] AndroidManifest.xml:33:25-78
221            </intent-filter>
222        </receiver>
223
224        <provider
224-->[:firebase_messaging] AndroidManifest.xml:43:9-47:38
225            android:name="io.flutter.plugins.firebase.messaging.FlutterFirebaseMessagingInitProvider"
225-->[:firebase_messaging] AndroidManifest.xml:44:13-102
226            android:authorities="com.app.nammasavari.android.flutterfirebasemessaginginitprovider"
226-->[:firebase_messaging] AndroidManifest.xml:45:13-88
227            android:exported="false"
227-->[:firebase_messaging] AndroidManifest.xml:46:13-37
228            android:initOrder="99" />
228-->[:firebase_messaging] AndroidManifest.xml:47:13-35
229
230        <activity
230-->[com.google.firebase:firebase-auth:23.0.0] AndroidManifest.xml:29:9-46:20
231            android:name="com.google.firebase.auth.internal.GenericIdpActivity"
231-->[com.google.firebase:firebase-auth:23.0.0] AndroidManifest.xml:30:13-80
232            android:excludeFromRecents="true"
232-->[com.google.firebase:firebase-auth:23.0.0] AndroidManifest.xml:31:13-46
233            android:exported="true"
233-->[com.google.firebase:firebase-auth:23.0.0] AndroidManifest.xml:32:13-36
234            android:launchMode="singleTask"
234-->[com.google.firebase:firebase-auth:23.0.0] AndroidManifest.xml:33:13-44
235            android:theme="@android:style/Theme.Translucent.NoTitleBar" >
235-->[com.google.firebase:firebase-auth:23.0.0] AndroidManifest.xml:34:13-72
236            <intent-filter>
236-->[com.google.firebase:firebase-auth:23.0.0] AndroidManifest.xml:35:13-45:29
237                <action android:name="android.intent.action.VIEW" />
237-->[com.google.firebase:firebase-auth:23.0.0] AndroidManifest.xml:36:17-69
237-->[com.google.firebase:firebase-auth:23.0.0] AndroidManifest.xml:36:25-66
238
239                <category android:name="android.intent.category.DEFAULT" />
239-->[com.google.firebase:firebase-auth:23.0.0] AndroidManifest.xml:38:17-76
239-->[com.google.firebase:firebase-auth:23.0.0] AndroidManifest.xml:38:27-73
240                <category android:name="android.intent.category.BROWSABLE" />
240-->[com.google.firebase:firebase-auth:23.0.0] AndroidManifest.xml:39:17-78
240-->[com.google.firebase:firebase-auth:23.0.0] AndroidManifest.xml:39:27-75
241
242                <data
242-->src\main\AndroidManifest.xml:95:13-50
243                    android:host="firebase.auth"
244                    android:path="/"
245                    android:scheme="genericidp" />
246            </intent-filter>
247        </activity>
248        <activity
248-->[com.google.firebase:firebase-auth:23.0.0] AndroidManifest.xml:47:9-64:20
249            android:name="com.google.firebase.auth.internal.RecaptchaActivity"
249-->[com.google.firebase:firebase-auth:23.0.0] AndroidManifest.xml:48:13-79
250            android:excludeFromRecents="true"
250-->[com.google.firebase:firebase-auth:23.0.0] AndroidManifest.xml:49:13-46
251            android:exported="true"
251-->[com.google.firebase:firebase-auth:23.0.0] AndroidManifest.xml:50:13-36
252            android:launchMode="singleTask"
252-->[com.google.firebase:firebase-auth:23.0.0] AndroidManifest.xml:51:13-44
253            android:theme="@android:style/Theme.Translucent.NoTitleBar" >
253-->[com.google.firebase:firebase-auth:23.0.0] AndroidManifest.xml:52:13-72
254            <intent-filter>
254-->[com.google.firebase:firebase-auth:23.0.0] AndroidManifest.xml:53:13-63:29
255                <action android:name="android.intent.action.VIEW" />
255-->[com.google.firebase:firebase-auth:23.0.0] AndroidManifest.xml:36:17-69
255-->[com.google.firebase:firebase-auth:23.0.0] AndroidManifest.xml:36:25-66
256
257                <category android:name="android.intent.category.DEFAULT" />
257-->[com.google.firebase:firebase-auth:23.0.0] AndroidManifest.xml:38:17-76
257-->[com.google.firebase:firebase-auth:23.0.0] AndroidManifest.xml:38:27-73
258                <category android:name="android.intent.category.BROWSABLE" />
258-->[com.google.firebase:firebase-auth:23.0.0] AndroidManifest.xml:39:17-78
258-->[com.google.firebase:firebase-auth:23.0.0] AndroidManifest.xml:39:27-75
259
260                <data
260-->src\main\AndroidManifest.xml:95:13-50
261                    android:host="firebase.auth"
262                    android:path="/"
263                    android:scheme="recaptcha" />
264            </intent-filter>
265        </activity>
266
267        <receiver
267-->[com.google.firebase:firebase-messaging:24.0.2] AndroidManifest.xml:29:9-40:20
268            android:name="com.google.firebase.iid.FirebaseInstanceIdReceiver"
268-->[com.google.firebase:firebase-messaging:24.0.2] AndroidManifest.xml:30:13-78
269            android:exported="true"
269-->[com.google.firebase:firebase-messaging:24.0.2] AndroidManifest.xml:31:13-36
270            android:permission="com.google.android.c2dm.permission.SEND" >
270-->[com.google.firebase:firebase-messaging:24.0.2] AndroidManifest.xml:32:13-73
271            <intent-filter>
271-->[:firebase_messaging] AndroidManifest.xml:32:13-34:29
272                <action android:name="com.google.android.c2dm.intent.RECEIVE" />
272-->[:firebase_messaging] AndroidManifest.xml:33:17-81
272-->[:firebase_messaging] AndroidManifest.xml:33:25-78
273            </intent-filter>
274
275            <meta-data
275-->[com.google.firebase:firebase-messaging:24.0.2] AndroidManifest.xml:37:13-39:40
276                android:name="com.google.android.gms.cloudmessaging.FINISHED_AFTER_HANDLED"
276-->[com.google.firebase:firebase-messaging:24.0.2] AndroidManifest.xml:38:17-92
277                android:value="true" />
277-->[com.google.firebase:firebase-messaging:24.0.2] AndroidManifest.xml:39:17-37
278        </receiver>
279        <!--
280             FirebaseMessagingService performs security checks at runtime,
281             but set to not exported to explicitly avoid allowing another app to call it.
282        -->
283        <service
283-->[com.google.firebase:firebase-messaging:24.0.2] AndroidManifest.xml:46:9-53:19
284            android:name="com.google.firebase.messaging.FirebaseMessagingService"
284-->[com.google.firebase:firebase-messaging:24.0.2] AndroidManifest.xml:47:13-82
285            android:directBootAware="true"
285-->[com.google.firebase:firebase-messaging:24.0.2] AndroidManifest.xml:48:13-43
286            android:exported="false" >
286-->[com.google.firebase:firebase-messaging:24.0.2] AndroidManifest.xml:49:13-37
287            <intent-filter android:priority="-500" >
287-->[:firebase_messaging] AndroidManifest.xml:23:13-25:29
288                <action android:name="com.google.firebase.MESSAGING_EVENT" />
288-->[:firebase_messaging] AndroidManifest.xml:24:17-78
288-->[:firebase_messaging] AndroidManifest.xml:24:25-75
289            </intent-filter>
290        </service>
291        <service
291-->[androidx.credentials:credentials-play-services-auth:1.2.0-rc01] AndroidManifest.xml:24:9-32:19
292            android:name="androidx.credentials.playservices.CredentialProviderMetadataHolder"
292-->[androidx.credentials:credentials-play-services-auth:1.2.0-rc01] AndroidManifest.xml:25:13-94
293            android:enabled="true"
293-->[androidx.credentials:credentials-play-services-auth:1.2.0-rc01] AndroidManifest.xml:26:13-35
294            android:exported="false" >
294-->[androidx.credentials:credentials-play-services-auth:1.2.0-rc01] AndroidManifest.xml:27:13-37
295            <meta-data